#
# There is insufficient memory for the Java Runtime Environment to continue.
# Native memory allocation (malloc) failed to allocate 451024 bytes for Chunk::new
# Possible reasons:
#   The system is out of physical RAM or swap space
#   In 32 bit mode, the process size limit was hit
# Possible solutions:
#   Reduce memory load on the system
#   Increase physical memory or swap space
#   Check if swap backing store is full
#   Use 64 bit Java on a 64 bit OS
#   Decrease Java heap size (-Xmx/-Xms)
#   Decrease number of Java threads
#   Decrease Java thread stack sizes (-Xss)
#   Set larger code cache with -XX:ReservedCodeCacheSize=
# This output file may be truncated or incomplete.
#
#  Out of Memory Error (allocation.cpp:325), pid=17736, tid=10088
#
# JRE version: 7.0_03-b05
# Java VM: Java HotSpot(TM) 64-Bit Server VM (22.1-b02 mixed mode windows-amd64 compressed oops)
# Failed to write core dump. Minidumps are not enabled by default on client versions of Windows
#

---------------  T H R E A D  ---------------

Current thread (0x0000000005eb3000):  JavaThread "C2 CompilerThread0" daemon [_thread_in_native, id=10088, stack(0x0000000006830000,0x0000000006930000)]

Stack: [0x0000000006830000,0x0000000006930000]

Current CompileTask:
C2:   1527  173             com.android.dx.ssa.SsaRenamer$BlockRenamer::process (191 bytes)


---------------  P R O C E S S  ---------------

Java Threads: ( => current thread )
  0x0000000006fc9800 JavaThread "pool-1-thread-4" [_thread_in_Java, id=18468, stack(0x0000000007b10000,0x0000000007c10000)]
  0x0000000006fc9000 JavaThread "pool-1-thread-3" [_thread_in_vm, id=17312, stack(0x0000000006c40000,0x0000000006d40000)]
  0x0000000006e99000 JavaThread "pool-1-thread-2" [_thread_in_Java, id=13548, stack(0x0000000007920000,0x0000000007a20000)]
  0x0000000006e98800 JavaThread "pool-2-thread-1" [_thread_blocked, id=8304, stack(0x0000000007700000,0x0000000007800000)]
  0x0000000006faa000 JavaThread "pool-1-thread-1" [_thread_in_Java, id=13368, stack(0x00000000075c0000,0x00000000076c0000)]
  0x0000000005ec8000 JavaThread "Service Thread" daemon [_thread_blocked, id=20376, stack(0x0000000006990000,0x0000000006a90000)]
  0x0000000005ebd800 JavaThread "C2 CompilerThread1" daemon [_thread_blocked, id=6472, stack(0x0000000006ad0000,0x0000000006bd0000)]
=>0x0000000005eb3000 JavaThread "C2 CompilerThread0" daemon [_thread_in_native, id=10088, stack(0x0000000006830000,0x0000000006930000)]
  0x0000000005eb1800 JavaThread "Attach Listener" daemon [_thread_blocked, id=17496, stack(0x00000000065e0000,0x00000000066e0000)]
  0x0000000005eb0000 JavaThread "Signal Dispatcher" daemon [_thread_blocked, id=20936, stack(0x0000000006710000,0x0000000006810000)]
  0x0000000005e23800 JavaThread "Finalizer" daemon [_thread_blocked, id=20412, stack(0x0000000006200000,0x0000000006300000)]
  0x0000000005e1f800 JavaThread "Reference Handler" daemon [_thread_blocked, id=5760, stack(0x0000000006480000,0x0000000006580000)]
  0x000000000039d000 JavaThread "main" [_thread_in_Java, id=6616, stack(0x0000000002690000,0x0000000002790000)]

Other Threads:
  0x0000000005e17800 VMThread [stack: 0x0000000006350000,0x0000000006450000] [id=3632]
  0x0000000005ed3800 WatcherThread [stack: 0x0000000006d80000,0x0000000006e80000] [id=9136]

VM state:not at safepoint (normal execution)

VM Mutex/Monitor currently owned by a thread: None

Heap
 PSYoungGen      total 38080K, used 24841K [0x00000000eaab0000, 0x00000000ed530000, 0x0000000100000000)
  eden space 32640K, 76% used [0x00000000eaab0000,0x00000000ec2f25e8,0x00000000eca90000)
  from space 5440K, 0% used [0x00000000ecfe0000,0x00000000ecfe0000,0x00000000ed530000)
  to   space 5440K, 0% used [0x00000000eca90000,0x00000000eca90000,0x00000000ecfe0000)
 PSOldGen        total 87040K, used 0K [0x00000000c0000000, 0x00000000c5500000, 0x00000000eaab0000)
  object space 87040K, 0% used [0x00000000c0000000,0x00000000c0000000,0x00000000c5500000)
 PSPermGen       total 21248K, used 5819K [0x00000000bae00000, 0x00000000bc2c0000, 0x00000000c0000000)
  object space 21248K, 27% used [0x00000000bae00000,0x00000000bb3aed20,0x00000000bc2c0000)

Code Cache  [0x0000000002790000, 0x0000000002a00000, 0x0000000005790000)
 total_blobs=409 nmethods=176 adapters=185 free_code_cache=48424Kb largest_free_block=49539200

Dynamic libraries:
0x000000013fba0000 - 0x000000013fbd3000 	C:\Program Files\Java\jdk1.7.0_03\bin\java.exe
0x0000000077a40000 - 0x0000000077be9000 	C:\Windows\SYSTEM32\ntdll.dll
0x0000000077820000 - 0x000000007793f000 	C:\Windows\system32\kernel32.dll
0x000007fefd8d0000 - 0x000007fefd93c000 	C:\Windows\system32\KERNELBASE.dll
0x000007feffc70000 - 0x000007feffd4b000 	C:\Windows\system32\ADVAPI32.dll
0x000007fefdbb0000 - 0x000007fefdc4f000 	C:\Windows\system32\msvcrt.dll
0x000007fefdc50000 - 0x000007fefdc6f000 	C:\Windows\SYSTEM32\sechost.dll
0x000007feff430000 - 0x000007feff55d000 	C:\Windows\system32\RPCRT4.dll
0x0000000077940000 - 0x0000000077a3a000 	C:\Windows\system32\USER32.dll
0x000007feff7b0000 - 0x000007feff817000 	C:\Windows\system32\GDI32.dll
0x000007feff820000 - 0x000007feff82e000 	C:\Windows\system32\LPK.dll
0x000007fefdd60000 - 0x000007fefde29000 	C:\Windows\system32\USP10.dll
0x000007fefc150000 - 0x000007fefc344000 	C:\Windows\WinSxS\amd64_microsoft.windows.common-controls_6595b64144ccf1df_6.0.7601.18837_none_fa3b1e3d17594757\COMCTL32.dll
0x000007feff630000 - 0x000007feff6a1000 	C:\Windows\system32\SHLWAPI.dll
0x000007feff600000 - 0x000007feff62e000 	C:\Windows\system32\IMM32.DLL
0x000007fefde30000 - 0x000007fefdf39000 	C:\Windows\system32\MSCTF.dll
0x0000000078e40000 - 0x0000000078f11000 	C:\Program Files\Java\jdk1.7.0_03\jre\bin\msvcr100.dll
0x000000006cb70000 - 0x000000006d24a000 	C:\Program Files\Java\jdk1.7.0_03\jre\bin\server\jvm.dll
0x000007fef81f0000 - 0x000007fef81f9000 	C:\Windows\system32\WSOCK32.dll
0x000007fefdc70000 - 0x000007fefdcbd000 	C:\Windows\system32\WS2_32.dll
0x000007fefe500000 - 0x000007fefe508000 	C:\Windows\system32\NSI.dll
0x000007fefb920000 - 0x000007fefb95b000 	C:\Windows\system32\WINMM.dll
0x0000000077c00000 - 0x0000000077c07000 	C:\Windows\system32\PSAPI.DLL
0x000000006f590000 - 0x000000006f59f000 	C:\Program Files\Java\jdk1.7.0_03\jre\bin\verify.dll
0x00000000521b0000 - 0x00000000521d8000 	C:\Program Files\Java\jdk1.7.0_03\jre\bin\java.dll
0x000000006de30000 - 0x000000006de45000 	C:\Program Files\Java\jdk1.7.0_03\jre\bin\zip.dll
0x00000000650c0000 - 0x00000000650d9000 	C:\Program Files\Java\jdk1.7.0_03\jre\bin\net.dll
0x000007fefcf90000 - 0x000007fefcfe5000 	C:\Windows\system32\mswsock.dll
0x000007fefcf80000 - 0x000007fefcf87000 	C:\Windows\System32\wship6.dll
0x0000000052510000 - 0x0000000052521000 	C:\Program Files\Java\jdk1.7.0_03\jre\bin\nio.dll

VM Arguments:
jvm_args: -Xmx1024M -Dfile.encoding=windows-1251 -Duser.country=RU -Duser.language=ru -Duser.variant 
java_command: com.android.dx.command.Main --dex --num-threads=4 --output F:\AndroidStudioProjects\RssViewer\app\build\intermediates\pre-dexed\debug\classes-7dff64773adb9b005d6b2a5a83bca609efff4863.jar F:\AndroidStudioProjects\RssViewer\app\build\intermediates\exploded-aar\com.android.support\recyclerview-v7\23.2.1\jars\classes.jar
Launcher Type: SUN_STANDARD

Environment Variables:
CLASSPATH=.;C:\Program Files (x86)\Java\jre7\lib\ext\QTJava.zip
PATH=C:\Program Files (x86)\Python35-32\Scripts\;C:\Program Files (x86)\Python35-32\;C:\Python27\;C:\Python27\Scripts;C:\ProgramData\Oracle\Java\javapath;C:\Program Files\Common Files\Microsoft Shared\Windows Live;C:\Program Files (x86)\Common Files\Microsoft Shared\Windows Live;C:\Windows\system32;C:\Windows;C:\Windows\System32\Wbem;C:\Windows\System32\WindowsPowerShell\v1.0\;c:\Program Files (x86)\Microsoft SQL Server\100\Tools\Binn\;c:\Program Files\Microsoft SQL Server\100\Tools\Binn\;c:\Program Files\Microsoft SQL Server\100\DTS\Binn\;C:\Program Files (x86)\Microsoft SQL Server\100\Tools\Binn\VSShell\Common7\IDE\;C:\Program Files (x86)\Microsoft Visual Studio 9.0\Common7\IDE\PrivateAssemblies\;C:\Program Files (x86)\Microsoft SQL Server\100\DTS\Binn\;C:\Program Files\TortoiseSVN\bin;C:\Program Files (x86)\Windows Live\Shared;C:\Program Files (x86)\Borland\Delphi7\Bin;C:\Program Files (x86)\Borland\Delphi7\Projects\Bpl;C:\Program Files (x86)\Microsoft ASP.NET\ASP.NET Web Pages\v1.0\;C:\Program Files\Microsoft SQL Server\110\Tools\Binn\;C:\Program Files (x86)\GtkSharp\2.12\bin;C:\Program Files\Mercurial\;C:\Program Files (x86)\QuickTime\QTSystem\;C:\Program Files\Calibre2\;C:\Program Files (x86)\Windows Kits\8.0\Windows Performance Toolkit\;C:\Program Files\Microsoft\Web Platform Installer\;C:\Program Files (x86)\Common Files\Acronis\SnapAPI\;C:\Program Files (x86)\GitExtensions\;C:\Program Files\Microsoft SQL Server\120\DTS\Binn\;C:\Program Files\Microsoft SQL Server\Client SDK\ODBC\110\Tools\Binn\;C:\Program Files (x86)\Microsoft SQL Server\120\Tools\Binn\;C:\Program Files\Microsoft SQL Server\120\Tools\Binn\;C:\Program Files (x86)\Microsoft SQL Server\120\DTS\Binn\;C:\Program Files\TortoiseGit\bin;C:\Program Files\TortoiseHg\;C:\Program Files (x86)\Skype\Phone\;C:\Users\Басков\AppData\Roaming\Python\Scripts;C:\Program Files (x86)\Sikuli X\libs;C:\Program Files (x86)\Java\jre6\\bin
USERNAME=Басков
OS=Windows_NT
PROCESSOR_IDENTIFIER=Intel64 Family 6 Model 23 Stepping 10, GenuineIntel



---------------  S Y S T E M  ---------------

OS: Windows 7 , 64 bit Build 7601 Service Pack 1

CPU:total 2 (2 cores per cpu, 1 threads per core) family 6 model 23 stepping 10, cmov, cx8, fxsr, mmx, sse, sse2, sse3, ssse3

Memory: 4k page, physical 8352948k(1181500k free), swap 9029240k(7268k free)

vm_info: Java HotSpot(TM) 64-Bit Server VM (22.1-b02) for windows-amd64 JRE (1.7.0_03-b05), built on Feb  3 2012 20:43:56 by "java_re" with unknown MS VC++:1600

time: Fri Apr 29 14:57:10 2016
elapsed time: 1 seconds

